<?xml version="1.0" encoding="UTF-8"?>
<!-- Generated by org.testng.reporters.JUnitXMLReporter -->
<testsuite ignored="0" hostname="DESKTOP-S1MQ5B3" failures="0" tests="5" name="Test" time="48.213" errors="0" timestamp="14 Sep 2023 16:12:49 GMT">
  <testcase classname="com.qa.TestLayer.TestCase_001" name="formFill" time="1.661"/>
  <testcase classname="com.qa.TestLayer.TestCase_001" name="formFill" time="1.231"/>
  <testcase classname="com.qa.TestLayer.TestCase_001" name="formFill" time="1.351"/>
  <testcase classname="com.qa.TestLayer.TestCase_001" name="formFill" time="1.295"/>
  <testcase classname="com.qa.TestLayer.TestCase_001" name="validateLinkTxt" time="0.19"/>
</testsuite> <!-- Test -->
