<?xml version="1.0" encoding="UTF-8"?>
<!-- Generated by org.testng.reporters.JUnitXMLReporter -->
<testsuite ignored="0" hostname="DESKTOP-S1MQ5B3" failures="0" tests="5" name="Test" time="57.751" errors="0" timestamp="14 Sep 2023 16:28:23 GMT">
  <testcase classname="com.qa.TestLayer.TestCase_001" name="formFill" time="1.578"/>
  <testcase classname="com.qa.TestLayer.TestCase_001" name="formFill" time="0.948"/>
  <testcase classname="com.qa.TestLayer.TestCase_001" name="formFill" time="0.922"/>
  <testcase classname="com.qa.TestLayer.TestCase_001" name="formFill" time="1.356"/>
  <testcase classname="com.qa.TestLayer.TestCase_001" name="validateLinkTxt" time="0.26"/>
</testsuite> <!-- Test -->
