<?xml version="1.0" encoding="UTF-8"?>
<!-- Generated by org.testng.reporters.JUnitXMLReporter -->
<testsuite ignored="0" hostname="DESKTOP-S1MQ5B3" failures="0" tests="5" name="Default test" time="43.082" errors="0" timestamp="13 Sep 2023 16:54:16 GMT">
  <testcase classname="com.qa.TestLayer.TestCase_001" name="formFill" time="1.673"/>
  <testcase classname="com.qa.TestLayer.TestCase_001" name="formFill" time="1.297"/>
  <testcase classname="com.qa.TestLayer.TestCase_001" name="formFill" time="1.363"/>
  <testcase classname="com.qa.TestLayer.TestCase_001" name="formFill" time="1.04"/>
  <testcase classname="com.qa.TestLayer.TestCase_001" name="validateLinkTxt" time="4.542"/>
</testsuite> <!-- Default test -->
