<?xml version="1.0" encoding="UTF-8"?>
<testng-results ignored="0" total="5" passed="5" failed="0" skipped="0">
  <reporter-output>
  </reporter-output>
  <suite started-at="2023-09-14T16:27:25Z" name="Suite" finished-at="2023-09-14T16:28:23Z" duration-ms="57751">
    <groups>
    </groups>
    <test started-at="2023-09-14T16:27:25Z" name="Test" finished-at="2023-09-14T16:28:23Z" duration-ms="57751">
      <class name="com.qa.TestLayer.TestCase_001">
        <test-method is-config="true" signature="setup()[pri:0, instance:com.qa.TestLayer.TestCase_001@4be29ed9]" started-at="2023-09-14T21:57:27Z" name="setup" finished-at="2023-09-14T21:57:44Z" duration-ms="16692" status="PASS">
          <reporter-output>
          </reporter-output>
        </test-method> <!-- setup -->
        <test-method signature="formFill(java.lang.String, java.lang.String, java.lang.String, java.lang.String)[pri:0, instance:com.qa.TestLayer.TestCase_001@4be29ed9]" started-at="2023-09-14T21:57:44Z" name="formFill" data-provider="passDataFromExcel" finished-at="2023-09-14T21:57:46Z" duration-ms="1578" status="PASS">
          <params>
            <param index="0">
              <value>
                <![CDATA[John]]>
              </value>
            </param>
            <param index="1">
              <value>
                <![CDATA[Peter]]>
              </value>
            </param>
            <param index="2">
              <value>
                <![CDATA[jp@test.com]]>
              </value>
            </param>
            <param index="3">
              <value>
                <![CDATA[john123]]>
              </value>
            </param>
          </params>
          <reporter-output>
          </reporter-output>
        </test-method> <!-- formFill -->
        <test-method is-config="true" signature="closeBrowser()[pri:0, instance:com.qa.TestLayer.TestCase_001@4be29ed9]" started-at="2023-09-14T21:57:46Z" name="closeBrowser" finished-at="2023-09-14T21:57:46Z" duration-ms="195" status="PASS">
          <reporter-output>
          </reporter-output>
        </test-method> <!-- closeBrowser -->
        <test-method is-config="true" signature="setup()[pri:0, instance:com.qa.TestLayer.TestCase_001@4be29ed9]" started-at="2023-09-14T21:57:46Z" name="setup" finished-at="2023-09-14T21:57:55Z" duration-ms="9143" status="PASS">
          <reporter-output>
          </reporter-output>
        </test-method> <!-- setup -->
        <test-method signature="formFill(java.lang.String, java.lang.String, java.lang.String, java.lang.String)[pri:0, instance:com.qa.TestLayer.TestCase_001@4be29ed9]" started-at="2023-09-14T21:57:55Z" name="formFill" data-provider="passDataFromExcel" finished-at="2023-09-14T21:57:56Z" duration-ms="948" status="PASS">
          <params>
            <param index="0">
              <value>
                <![CDATA[Sam]]>
              </value>
            </param>
            <param index="1">
              <value>
                <![CDATA[Son]]>
              </value>
            </param>
            <param index="2">
              <value>
                <![CDATA[ss@test.com]]>
              </value>
            </param>
            <param index="3">
              <value>
                <![CDATA[ss123]]>
              </value>
            </param>
          </params>
          <reporter-output>
          </reporter-output>
        </test-method> <!-- formFill -->
        <test-method is-config="true" signature="closeBrowser()[pri:0, instance:com.qa.TestLayer.TestCase_001@4be29ed9]" started-at="2023-09-14T21:57:56Z" name="closeBrowser" finished-at="2023-09-14T21:57:56Z" duration-ms="150" status="PASS">
          <reporter-output>
          </reporter-output>
        </test-method> <!-- closeBrowser -->
        <test-method is-config="true" signature="setup()[pri:0, instance:com.qa.TestLayer.TestCase_001@4be29ed9]" started-at="2023-09-14T21:57:56Z" name="setup" finished-at="2023-09-14T21:58:06Z" duration-ms="9370" status="PASS">
          <reporter-output>
          </reporter-output>
        </test-method> <!-- setup -->
        <test-method signature="formFill(java.lang.String, java.lang.String, java.lang.String, java.lang.String)[pri:0, instance:com.qa.TestLayer.TestCase_001@4be29ed9]" started-at="2023-09-14T21:58:06Z" name="formFill" data-provider="passDataFromExcel" finished-at="2023-09-14T21:58:06Z" duration-ms="922" status="PASS">
          <params>
            <param index="0">
              <value>
                <![CDATA[Jack]]>
              </value>
            </param>
            <param index="1">
              <value>
                <![CDATA[Jill]]>
              </value>
            </param>
            <param index="2">
              <value>
                <![CDATA[jj@test.com]]>
              </value>
            </param>
            <param index="3">
              <value>
                <![CDATA[jj123]]>
              </value>
            </param>
          </params>
          <reporter-output>
          </reporter-output>
        </test-method> <!-- formFill -->
        <test-method is-config="true" signature="closeBrowser()[pri:0, instance:com.qa.TestLayer.TestCase_001@4be29ed9]" started-at="2023-09-14T21:58:06Z" name="closeBrowser" finished-at="2023-09-14T21:58:07Z" duration-ms="169" status="PASS">
          <reporter-output>
          </reporter-output>
        </test-method> <!-- closeBrowser -->
        <test-method is-config="true" signature="setup()[pri:0, instance:com.qa.TestLayer.TestCase_001@4be29ed9]" started-at="2023-09-14T21:58:07Z" name="setup" finished-at="2023-09-14T21:58:14Z" duration-ms="6871" status="PASS">
          <reporter-output>
          </reporter-output>
        </test-method> <!-- setup -->
        <test-method signature="formFill(java.lang.String, java.lang.String, java.lang.String, java.lang.String)[pri:0, instance:com.qa.TestLayer.TestCase_001@4be29ed9]" started-at="2023-09-14T21:58:14Z" name="formFill" data-provider="passDataFromExcel" finished-at="2023-09-14T21:58:15Z" duration-ms="1356" status="PASS">
          <params>
            <param index="0">
              <value>
                <![CDATA[Jim]]>
              </value>
            </param>
            <param index="1">
              <value>
                <![CDATA[Tom]]>
              </value>
            </param>
            <param index="2">
              <value>
                <![CDATA[jt@test.com]]>
              </value>
            </param>
            <param index="3">
              <value>
                <![CDATA[jt123]]>
              </value>
            </param>
          </params>
          <reporter-output>
          </reporter-output>
        </test-method> <!-- formFill -->
        <test-method is-config="true" signature="closeBrowser()[pri:0, instance:com.qa.TestLayer.TestCase_001@4be29ed9]" started-at="2023-09-14T21:58:15Z" name="closeBrowser" finished-at="2023-09-14T21:58:15Z" duration-ms="159" status="PASS">
          <reporter-output>
          </reporter-output>
        </test-method> <!-- closeBrowser -->
        <test-method is-config="true" signature="setup()[pri:0, instance:com.qa.TestLayer.TestCase_001@4be29ed9]" started-at="2023-09-14T21:58:15Z" name="setup" finished-at="2023-09-14T21:58:22Z" duration-ms="7332" status="PASS">
          <reporter-output>
          </reporter-output>
        </test-method> <!-- setup -->
        <test-method signature="validateLinkTxt()[pri:0, instance:com.qa.TestLayer.TestCase_001@4be29ed9]" started-at="2023-09-14T21:58:22Z" name="validateLinkTxt" finished-at="2023-09-14T21:58:23Z" duration-ms="260" status="PASS">
          <reporter-output>
          </reporter-output>
        </test-method> <!-- validateLinkTxt -->
        <test-method is-config="true" signature="closeBrowser()[pri:0, instance:com.qa.TestLayer.TestCase_001@4be29ed9]" started-at="2023-09-14T21:58:23Z" name="closeBrowser" finished-at="2023-09-14T21:58:23Z" duration-ms="197" status="PASS">
          <reporter-output>
          </reporter-output>
        </test-method> <!-- closeBrowser -->
      </class> <!-- com.qa.TestLayer.TestCase_001 -->
    </test> <!-- Test -->
  </suite> <!-- Suite -->
</testng-results>
